d:\project\larian\sfmlspacewarentt\sfmlspacewar\lib\thor-master\win32-build\src\thor.dir\debug\vc142.pdb
d:\project\larian\sfmlspacewarentt\sfmlspacewar\lib\thor-master\win32-build\src\thor.dir\debug\random.obj
d:\project\larian\sfmlspacewarentt\sfmlspacewar\lib\thor-master\win32-build\src\thor.dir\debug\particlesystem.obj
d:\project\larian\sfmlspacewarentt\sfmlspacewar\lib\thor-master\win32-build\src\thor.dir\debug\particle.obj
d:\project\larian\sfmlspacewarentt\sfmlspacewar\lib\thor-master\win32-build\src\thor.dir\debug\joystick.obj
d:\project\larian\sfmlspacewarentt\sfmlspacewar\lib\thor-master\win32-build\src\thor.dir\debug\inputnames.obj
d:\project\larian\sfmlspacewarentt\sfmlspacewar\lib\thor-master\win32-build\src\thor.dir\debug\frameanimation.obj
d:\project\larian\sfmlspacewarentt\sfmlspacewar\lib\thor-master\win32-build\src\thor.dir\debug\fadeanimation.obj
d:\project\larian\sfmlspacewarentt\sfmlspacewar\lib\thor-master\win32-build\src\thor.dir\debug\emitters.obj
d:\project\larian\sfmlspacewarentt\sfmlspacewar\lib\thor-master\win32-build\src\thor.dir\debug\distributions.obj
d:\project\larian\sfmlspacewarentt\sfmlspacewar\lib\thor-master\win32-build\src\thor.dir\debug\connection.obj
d:\project\larian\sfmlspacewarentt\sfmlspacewar\lib\thor-master\win32-build\src\thor.dir\debug\concaveshape.obj
d:\project\larian\sfmlspacewarentt\sfmlspacewar\lib\thor-master\win32-build\src\thor.dir\debug\colorgradient.obj
d:\project\larian\sfmlspacewarentt\sfmlspacewar\lib\thor-master\win32-build\src\thor.dir\debug\coloranimation.obj
d:\project\larian\sfmlspacewarentt\sfmlspacewar\lib\thor-master\win32-build\src\thor.dir\debug\callbacktimer.obj
d:\project\larian\sfmlspacewarentt\sfmlspacewar\lib\thor-master\win32-build\src\thor.dir\debug\bigtexture.obj
d:\project\larian\sfmlspacewarentt\sfmlspacewar\lib\thor-master\win32-build\src\thor.dir\debug\bigsprite.obj
d:\project\larian\sfmlspacewarentt\sfmlspacewar\lib\thor-master\win32-build\src\thor.dir\debug\arrow.obj
d:\project\larian\sfmlspacewarentt\sfmlspacewar\lib\thor-master\win32-build\src\thor.dir\debug\affectors.obj
d:\project\larian\sfmlspacewarentt\sfmlspacewar\lib\thor-master\win32-build\src\thor.dir\debug\actionoperations.obj
d:\project\larian\sfmlspacewarentt\sfmlspacewar\lib\thor-master\win32-build\src\thor.dir\debug\action.obj
d:\project\larian\sfmlspacewarentt\sfmlspacewar\lib\thor-master\win32-build\src\thor.dir\debug\uniformaccess.obj
d:\project\larian\sfmlspacewarentt\sfmlspacewar\lib\thor-master\win32-build\src\thor.dir\debug\trigonometry.obj
d:\project\larian\sfmlspacewarentt\sfmlspacewar\lib\thor-master\win32-build\src\thor.dir\debug\triangulation.obj
d:\project\larian\sfmlspacewarentt\sfmlspacewar\lib\thor-master\win32-build\src\thor.dir\debug\tostring.obj
d:\project\larian\sfmlspacewarentt\sfmlspacewar\lib\thor-master\win32-build\src\thor.dir\debug\timer.obj
d:\project\larian\sfmlspacewarentt\sfmlspacewar\lib\thor-master\win32-build\src\thor.dir\debug\stopwatch.obj
d:\project\larian\sfmlspacewarentt\sfmlspacewar\lib\thor-master\win32-build\src\thor.dir\debug\shapes.obj
d:\project\larian\sfmlspacewarentt\sfmlspacewar\lib\thor-master\win32-build\src\cmakefiles\generate.stamp
d:\project\larian\sfmlspacewarentt\sfmlspacewar\lib\thor-master\win32-build\src\debug\thor-d.ilk
d:\project\larian\sfmlspacewarentt\sfmlspacewar\lib\thor-master\win32-build\src\debug\thor-d.dll
d:\project\larian\sfmlspacewarentt\sfmlspacewar\lib\thor-master\win32-build\src\debug\thor-d.pdb
d:\project\larian\sfmlspacewarentt\sfmlspacewar\lib\thor-master\win32-build\src\debug\thor-d.lib
d:\project\larian\sfmlspacewarentt\sfmlspacewar\lib\thor-master\win32-build\src\debug\thor-d.exp
d:\project\larian\sfmlspacewarentt\sfmlspacewar\lib\thor-master\win32-build\src\thor.dir\debug\thor.tlog\cl.command.1.tlog
d:\project\larian\sfmlspacewarentt\sfmlspacewar\lib\thor-master\win32-build\src\thor.dir\debug\thor.tlog\cl.read.1.tlog
d:\project\larian\sfmlspacewarentt\sfmlspacewar\lib\thor-master\win32-build\src\thor.dir\debug\thor.tlog\cl.write.1.tlog
d:\project\larian\sfmlspacewarentt\sfmlspacewar\lib\thor-master\win32-build\src\thor.dir\debug\thor.tlog\custombuild.command.1.tlog
d:\project\larian\sfmlspacewarentt\sfmlspacewar\lib\thor-master\win32-build\src\thor.dir\debug\thor.tlog\custombuild.read.1.tlog
d:\project\larian\sfmlspacewarentt\sfmlspacewar\lib\thor-master\win32-build\src\thor.dir\debug\thor.tlog\custombuild.write.1.tlog
d:\project\larian\sfmlspacewarentt\sfmlspacewar\lib\thor-master\win32-build\src\thor.dir\debug\thor.tlog\link.command.1.tlog
d:\project\larian\sfmlspacewarentt\sfmlspacewar\lib\thor-master\win32-build\src\thor.dir\debug\thor.tlog\link.read.1.tlog
d:\project\larian\sfmlspacewarentt\sfmlspacewar\lib\thor-master\win32-build\src\thor.dir\debug\thor.tlog\link.write.1.tlog
d:\project\larian\sfmlspacewarentt\sfmlspacewar\lib\thor-master\win32-build\src\thor.dir\debug\thor.tlog\thor.write.1u.tlog
